2024-02-15 15:45:18 - bot.logging_config - INFO - Logging initialized. Log file: logs/trading_bot_20240215_154518.log
2024-02-15 15:45:18 - bot.logging_config - INFO - Log level: INFO
2024-02-15 15:45:18 - __main__ - INFO - ================================================================================
2024-02-15 15:45:18 - __main__ - INFO - STARTING ORDER PLACEMENT
2024-02-15 15:45:18 - __main__ - INFO - ================================================================================
2024-02-15 15:45:18 - bot.client - INFO - Binance Futures Client initialized
2024-02-15 15:45:18 - bot.client - INFO - Making GET request to /fapi/v1/ping
2024-02-15 15:45:18 - bot.client - DEBUG - Request params: {}
2024-02-15 15:45:19 - bot.client - DEBUG - Response status: 200
2024-02-15 15:45:19 - bot.client - DEBUG - Response body: {}
2024-02-15 15:45:19 - bot.client - INFO - Request to /fapi/v1/ping successful
2024-02-15 15:45:19 - bot.client - INFO - Connectivity test successful
2024-02-15 15:45:19 - bot.orders - INFO - OrderManager initialized
2024-02-15 15:45:19 - bot.orders - INFO - Initiating order placement: LIMIT SELL 0.01 ETHUSDT
2024-02-15 15:45:19 - bot.validators - INFO - Validating order parameters...
2024-02-15 15:45:19 - bot.validators - DEBUG - Symbol validated: ETHUSDT
2024-02-15 15:45:19 - bot.validators - DEBUG - Side validated: SELL
2024-02-15 15:45:19 - bot.validators - DEBUG - Order type validated: LIMIT
2024-02-15 15:45:19 - bot.validators - DEBUG - Quantity validated: 0.01
2024-02-15 15:45:19 - bot.validators - DEBUG - Price validated: 2500.0
2024-02-15 15:45:19 - bot.validators - INFO - All parameters validated successfully
2024-02-15 15:45:19 - bot.orders - INFO - ============================================================
2024-02-15 15:45:19 - bot.orders - INFO - ORDER REQUEST SUMMARY
2024-02-15 15:45:19 - bot.orders - INFO - ============================================================
2024-02-15 15:45:19 - bot.orders - INFO - Symbol:       ETHUSDT
2024-02-15 15:45:19 - bot.orders - INFO - Side:         SELL
2024-02-15 15:45:19 - bot.orders - INFO - Type:         LIMIT
2024-02-15 15:45:19 - bot.orders - INFO - Quantity:     0.01
2024-02-15 15:45:19 - bot.orders - INFO - Price:        2500.0
2024-02-15 15:45:19 - bot.orders - INFO - ============================================================
2024-02-15 15:45:19 - bot.client - INFO - Placing LIMIT SELL order for 0.01 ETHUSDT
2024-02-15 15:45:19 - bot.client - INFO - Making POST request to /fapi/v1/order
2024-02-15 15:45:19 - bot.client - DEBUG - Request params: {'symbol': 'ETHUSDT', 'side': 'SELL', 'type': 'LIMIT', 'quantity': 0.01, 'price': 2500.0, 'timeInForce': 'GTC', 'timestamp': 1708011919789, 'signature': 'z9y8x7w6v5u4t3s2r1q0p9o8n7m6l5k4j3i2h1g0f9e8d7c6b5a4'}
2024-02-15 15:45:20 - bot.client - DEBUG - Response status: 200
2024-02-15 15:45:20 - bot.client - DEBUG - Response body: {"orderId":87654321,"symbol":"ETHUSDT","status":"NEW","clientOrderId":"web_xyz789abc123","price":"2500.0","avgPrice":"0.00","origQty":"0.01","executedQty":"0.000","cumQty":"0.000","cumQuote":"0","timeInForce":"GTC","type":"LIMIT","reduceOnly":false,"closePosition":false,"side":"SELL","positionSide":"BOTH","stopPrice":"0","workingType":"CONTRACT_PRICE","priceProtect":false,"origType":"LIMIT","time":1708011920456,"updateTime":1708011920456}
2024-02-15 15:45:20 - bot.client - INFO - Request to /fapi/v1/order successful
2024-02-15 15:45:20 - bot.orders - INFO - Order placed successfully. Order ID: 87654321
2024-02-15 15:45:20 - __main__ - INFO - Order placement completed successfully
