2024-02-15 14:30:22 - bot.logging_config - INFO - Logging initialized. Log file: logs/trading_bot_20240215_143022.log
2024-02-15 14:30:22 - bot.logging_config - INFO - Log level: INFO
2024-02-15 14:30:22 - __main__ - INFO - ================================================================================
2024-02-15 14:30:22 - __main__ - INFO - STARTING ORDER PLACEMENT
2024-02-15 14:30:22 - __main__ - INFO - ================================================================================
2024-02-15 14:30:22 - bot.client - INFO - Binance Futures Client initialized
2024-02-15 14:30:22 - bot.client - INFO - Making GET request to /fapi/v1/ping
2024-02-15 14:30:22 - bot.client - DEBUG - Request params: {}
2024-02-15 14:30:23 - bot.client - DEBUG - Response status: 200
2024-02-15 14:30:23 - bot.client - DEBUG - Response body: {}
2024-02-15 14:30:23 - bot.client - INFO - Request to /fapi/v1/ping successful
2024-02-15 14:30:23 - bot.client - INFO - Connectivity test successful
2024-02-15 14:30:23 - bot.orders - INFO - OrderManager initialized
2024-02-15 14:30:23 - bot.orders - INFO - Initiating order placement: MARKET BUY 0.001 BTCUSDT
2024-02-15 14:30:23 - bot.validators - INFO - Validating order parameters...
2024-02-15 14:30:23 - bot.validators - DEBUG - Symbol validated: BTCUSDT
2024-02-15 14:30:23 - bot.validators - DEBUG - Side validated: BUY
2024-02-15 14:30:23 - bot.validators - DEBUG - Order type validated: MARKET
2024-02-15 14:30:23 - bot.validators - DEBUG - Quantity validated: 0.001
2024-02-15 14:30:23 - bot.validators - INFO - All parameters validated successfully
2024-02-15 14:30:23 - bot.orders - INFO - ============================================================
2024-02-15 14:30:23 - bot.orders - INFO - ORDER REQUEST SUMMARY
2024-02-15 14:30:23 - bot.orders - INFO - ============================================================
2024-02-15 14:30:23 - bot.orders - INFO - Symbol:       BTCUSDT
2024-02-15 14:30:23 - bot.orders - INFO - Side:         BUY
2024-02-15 14:30:23 - bot.orders - INFO - Type:         MARKET
2024-02-15 14:30:23 - bot.orders - INFO - Quantity:     0.001
2024-02-15 14:30:23 - bot.orders - INFO - Price:        MARKET (best available)
2024-02-15 14:30:23 - bot.orders - INFO - ============================================================
2024-02-15 14:30:23 - bot.client - INFO - Placing MARKET BUY order for 0.001 BTCUSDT
2024-02-15 14:30:23 - bot.client - INFO - Making POST request to /fapi/v1/order
2024-02-15 14:30:23 - bot.client - DEBUG - Request params: {'symbol': 'BTCUSDT', 'side': 'BUY', 'type': 'MARKET', 'quantity': 0.001, 'timestamp': 1708007423456, 'signature': 'a1b2c3d4e5f6g7h8i9j0k1l2m3n4o5p6q7r8s9t0u1v2w3x4y5z6'}
2024-02-15 14:30:24 - bot.client - DEBUG - Response status: 200
2024-02-15 14:30:24 - bot.client - DEBUG - Response body: {"orderId":12345678,"symbol":"BTCUSDT","status":"FILLED","clientOrderId":"web_abc123def456","price":"0","avgPrice":"45123.50","origQty":"0.001","executedQty":"0.001","cumQty":"0.001","cumQuote":"45.12350","timeInForce":"GTC","type":"MARKET","reduceOnly":false,"closePosition":false,"side":"BUY","positionSide":"BOTH","stopPrice":"0","workingType":"CONTRACT_PRICE","priceProtect":false,"origType":"MARKET","updateTime":1708007424123}
2024-02-15 14:30:24 - bot.client - INFO - Request to /fapi/v1/order successful
2024-02-15 14:30:24 - bot.orders - INFO - Order placed successfully. Order ID: 12345678
2024-02-15 14:30:24 - __main__ - INFO - Order placement completed successfully
